{
  "RSpec": {
    "coverage": {
      "/home/grateful-semicolon-0722/tic-tac-toe-rb-cb-gh-000/lib/tic_tac_toe.rb": [
        null,
        1,
        null,
        null,
        null,
        null,
        null,
        null,
        null,
        null,
        null,
        1,
        12,
        17,
        null,
        null,
        12,
        5,
        7,
        3,
        null,
        null,
        null,
        1,
        25,
        25,
        25,
        25,
        25,
        null,
        null,
        1,
        22,
        null,
        null,
        1,
        60,
        412,
        null,
        null,
        null,
        null,
        null,
        1,
        138,
        null,
        null,
        1,
        23,
        null,
        null,
        1,
        21,
        null,
        null,
        1,
        20,
        20,
        20,
        1,
        null,
        20,
        20,
        null,
        null,
        1,
        148,
        null,
        null,
        null,
        null,
        1,
        21,
        null,
        null,
        1,
        220,
        null,
        null,
        1,
        24,
        null,
        null,
        1,
        7,
        6,
        null,
        null
      ]
    },
    "timestamp": 1593245170
  }
}
